<?xml version="1.0" encoding="UTF-8"?>
<testng-results skipped="0" failed="0" total="1" passed="1">
  <reporter-output>
  </reporter-output>
  <suite name="Suite1" duration-ms="48" started-at="2015-09-14T11:29:03Z" finished-at="2015-09-14T11:29:03Z">
    <groups>
    </groups>
    <test name="test1" duration-ms="48" started-at="2015-09-14T11:29:03Z" finished-at="2015-09-14T11:29:03Z">
      <class name="testng.TestNGAnnotations">
        <test-method status="PASS" signature="testcase()[pri:0, instance:testng.TestNGAnnotations@1b29e211]" name="testcase" duration-ms="23" started-at="2015-09-14T16:59:03Z" finished-at="2015-09-14T16:59:03Z">
          <reporter-output>
          </reporter-output>
        </test-method> <!-- testcase -->
      </class> <!-- testng.TestNGAnnotations -->
    </test> <!-- test1 -->
  </suite> <!-- Suite1 -->
</testng-results>
